2018-07-08 06:24:47 INFO  CsvFileParser:87 - Sum of balance : -20.23
2018-07-08 06:24:47 INFO  CsvFileParser:88 - Total : 0
2018-07-08 06:24:47 INFO  CsvFileParser:87 - Sum of balance : 106.80
2018-07-08 06:24:47 INFO  CsvFileParser:88 - Total : 0
2018-07-08 06:24:47 INFO  CsvFileParser:87 - Sum of balance : 131.16
2018-07-08 06:24:47 INFO  CsvFileParser:88 - Total : 0
2018-07-08 06:24:47 INFO  CsvFileParser:87 - Sum of balance : 46.33
2018-07-08 06:24:47 INFO  CsvFileParser:88 - Total : 0
2018-07-08 06:24:47 INFO  CsvFileParser:87 - Sum of balance : 79.92
2018-07-08 06:24:47 INFO  CsvFileParser:88 - Total : 0
2018-07-08 06:24:47 INFO  CsvFileParser:87 - Sum of balance : 147.99
2018-07-08 06:24:47 INFO  CsvFileParser:88 - Total : 0
2018-07-08 06:24:47 INFO  CsvFileParser:87 - Sum of balance : 140.67
2018-07-08 06:24:47 INFO  CsvFileParser:88 - Total : 0
2018-07-08 06:24:47 INFO  CsvFileParser:87 - Sum of balance : -3.47
2018-07-08 06:24:47 INFO  CsvFileParser:88 - Total : 0
2018-07-08 06:24:47 INFO  CsvFileParser:87 - Sum of balance : 135.85
2018-07-08 06:24:47 INFO  CsvFileParser:88 - Total : 0
2018-07-08 06:24:47 INFO  CsvFileParser:87 - Sum of balance : 75.30
2018-07-08 06:24:47 INFO  CsvFileParser:88 - Total : 0
2018-07-08 06:24:47 INFO  CsvFileParser:33 - ChildRecords [accountNumber=NL69ABNA0433647324, start_Balance=26.9, mutation=-18.78, description=Tickets for Peter Theuß, endBalance=8.12, reference=130498]
2018-07-08 06:24:47 INFO  CsvFileParser:33 - ChildRecords [accountNumber=NL93ABNA0585619023, start_Balance=5429, mutation=-939, description=Tickets from Erik de Vries, endBalance=6368, reference=167875]
2018-07-08 06:24:47 INFO  CsvFileParser:33 - ChildRecords [accountNumber=NL93ABNA0585619023, start_Balance=74.69, mutation=-44.91, description=Subscription from Peter Dekker, endBalance=29.78, reference=147674]
2018-07-08 06:24:47 INFO  CsvFileParser:33 - ChildRecords [accountNumber=NL27SNSB0917829871, start_Balance=70.42, mutation=34.42, description=Subscription from Peter Theuß, endBalance=104.84, reference=135607]
2018-07-08 06:24:47 INFO  CsvFileParser:33 - ChildRecords [accountNumber=NL43AEGO0773393871, start_Balance=31.78, mutation=-6.14, description=Tickets for Rik de Vries, endBalance=25.64, reference=169639]
2018-07-08 06:24:47 INFO  CsvFileParser:33 - ChildRecords [accountNumber=NL43AEGO0773393871, start_Balance=105.75, mutation=-26.17, description=Flowers from Peter de Vries, endBalance=79.58, reference=105549]
2018-07-08 06:24:47 INFO  CsvFileParser:33 - ChildRecords [accountNumber=NL74ABNA0248990274, start_Balance=10.1, mutation=-0.3, description=Tickets from Richard de Vries, endBalance=9.8, reference=150438]
2018-07-08 06:24:47 INFO  CsvFileParser:33 - ChildRecords [accountNumber=NL69ABNA0433647324, start_Balance=66.72, mutation=-41.74, description=Tickets for Willem Theuß, endBalance=24.98, reference=172833]
2018-07-08 06:24:47 INFO  CsvFileParser:33 - ChildRecords [accountNumber=NL93ABNA0585619023, start_Balance=3980, mutation=1000, description=Tickets for Rik Theuß, endBalance=4981, reference=165102]
2018-07-08 06:24:47 INFO  CsvFileParser:33 - ChildRecords [accountNumber=NL43AEGO0773393871, start_Balance=16.52, mutation=43.09, description=Flowers for Jan Theuß, endBalance=59.61, reference=170148]
2018-07-08 06:24:47 INFO  CsvFileParser:66 - Sum of balance : 8.12
2018-07-08 06:24:47 INFO  CsvFileParser:67 - Total : 0
2018-07-08 06:24:47 INFO  CsvFileParser:66 - Sum of balance : 4490
2018-07-08 06:24:47 INFO  CsvFileParser:67 - Total : -1
2018-07-08 06:24:47 INFO  CsvFileParser:66 - Sum of balance : 29.78
2018-07-08 06:24:47 INFO  CsvFileParser:67 - Total : 0
2018-07-08 06:24:47 INFO  CsvFileParser:66 - Sum of balance : 104.84
2018-07-08 06:24:47 INFO  CsvFileParser:67 - Total : 0
2018-07-08 06:24:47 INFO  CsvFileParser:66 - Sum of balance : 25.64
2018-07-08 06:24:47 INFO  CsvFileParser:67 - Total : 0
2018-07-08 06:24:47 INFO  CsvFileParser:66 - Sum of balance : 79.58
2018-07-08 06:24:47 INFO  CsvFileParser:67 - Total : 0
2018-07-08 06:24:47 INFO  CsvFileParser:66 - Sum of balance : 9.8
2018-07-08 06:24:47 INFO  CsvFileParser:67 - Total : 0
2018-07-08 06:24:47 INFO  CsvFileParser:66 - Sum of balance : 24.98
2018-07-08 06:24:47 INFO  CsvFileParser:67 - Total : 0
2018-07-08 06:24:47 INFO  CsvFileParser:66 - Sum of balance : 4980
2018-07-08 06:24:47 INFO  CsvFileParser:67 - Total : -1
2018-07-08 06:24:47 INFO  CsvFileParser:66 - Sum of balance : 59.61
2018-07-08 06:24:47 INFO  CsvFileParser:67 - Total : 0
